# JRE version: OpenJDK Runtime Environment (21.0.10+7) (build 21.0.10+7-Ubuntu-124.04)
# Java VM: OpenJDK 64-Bit Server VM (21.0.10+7-Ubuntu-124.04, mixed mode, sharing, tiered, compressed oops, compressed class ptrs, g1 gc, linux-amd64)
Heap:
 garbage-first heap   total 81920K, used 34786K [0x000000070a400000, 0x0000000800000000)
  region size 2048K, 6 young (12288K), 3 survivors (6144K)
 Metaspace       used 22953K, committed 23360K, reserved 1114112K
  class space    used 3320K, committed 3520K, reserved 1048576K
GC Heap History (20 events):
Event: 245.527 GC heap before
{Heap before GC invocations=6 (full 0):
 garbage-first heap   total 79872K, used 64207K [0x000000070a400000, 0x0000000800000000)
  region size 2048K, 23 young (47104K), 2 survivors (4096K)
 Metaspace       used 22665K, committed 22976K, reserved 1114112K
  class space    used 3300K, committed 3456K, reserved 1048576K
}
Event: 245.528 GC heap after
{Heap after GC invocations=7 (full 0):
 garbage-first heap   total 79872K, used 20397K [0x000000070a400000, 0x0000000800000000)
  region size 2048K, 3 young (6144K), 3 survivors (6144K)
 Metaspace       used 22665K, committed 22976K, reserved 1114112K
  class space    used 3300K, committed 3456K, reserved 1048576K
}
Event: 252.942 GC heap before
{Heap before GC invocations=7 (full 0):
 garbage-first heap   total 79872K, used 61357K [0x000000070a400000, 0x0000000800000000)
  region size 2048K, 23 young (47104K), 3 survivors (6144K)
 Metaspace       used 22696K, committed 23040K, reserved 1114112K
  class space    used 3306K, committed 3456K, reserved 1048576K
}
Event: 252.943 GC heap after
{Heap after GC invocations=8 (full 0):
 garbage-first heap   total 79872K, used 20102K [0x000000070a400000, 0x0000000800000000)
  region size 2048K, 1 young (2048K), 1 survivors (2048K)
 Metaspace       used 22696K, committed 23040K, reserved 1114112K
  class space    used 3306K, committed 3456K, reserved 1048576K
}
Event: 264.922 GC heap before
{Heap before GC invocations=8 (full 0):
 garbage-first heap   total 79872K, used 65158K [0x000000070a400000, 0x0000000800000000)
  region size 2048K, 23 young (47104K), 1 survivors (2048K)
 Metaspace       used 22697K, committed 23040K, reserved 1114112K
  class space    used 3306K, committed 3456K, reserved 1048576K
}
Event: 264.923 GC heap after
{Heap after GC invocations=9 (full 0):
 garbage-first heap   total 79872K, used 20029K [0x000000070a400000, 0x0000000800000000)
  region size 2048K, 1 young (2048K), 1 survivors (2048K)
 Metaspace       used 22697K, committed 23040K, reserved 1114112K
  class space    used 3306K, committed 3456K, reserved 1048576K
}
Event: 282.036 GC heap before
{Heap before GC invocations=9 (full 0):
 garbage-first heap   total 79872K, used 65085K [0x000000070a400000, 0x0000000800000000)
  region size 2048K, 23 young (47104K), 1 survivors (2048K)
 Metaspace       used 22698K, committed 23040K, reserved 1114112K
  class space    used 3306K, committed 3456K, reserved 1048576K
}
Event: 282.037 GC heap after
{Heap after GC invocations=10 (full 0):
 garbage-first heap   total 79872K, used 20224K [0x000000070a400000, 0x0000000800000000)
  region size 2048K, 2 young (4096K), 2 survivors (4096K)
 Metaspace       used 22698K, committed 23040K, reserved 1114112K
  class space    used 3306K, committed 3456K, reserved 1048576K
}
Event: 301.161 GC heap before
{Heap before GC invocations=10 (full 0):
 garbage-first heap   total 79872K, used 63232K [0x000000070a400000, 0x0000000800000000)
  region size 2048K, 23 young (47104K), 2 survivors (4096K)
 Metaspace       used 22698K, committed 23040K, reserved 1114112K
  class space    used 3306K, committed 3456K, reserved 1048576K
}
Event: 301.162 GC heap after
{Heap after GC invocations=11 (full 0):
 garbage-first heap   total 79872K, used 20495K [0x000000070a400000, 0x0000000800000000)
  region size 2048K, 2 young (4096K), 2 survivors (4096K)
 Metaspace       used 22698K, committed 23040K, reserved 1114112K
  class space    used 3306K, committed 3456K, reserved 1048576K
}
Event: 520.704 GC heap before
{Heap before GC invocations=11 (full 0):
 garbage-first heap   total 79872K, used 63503K [0x000000070a400000, 0x0000000800000000)
  region size 2048K, 23 young (47104K), 2 survivors (4096K)
 Metaspace       used 22718K, committed 23040K, reserved 1114112K
  class space    used 3306K, committed 3456K, reserved 1048576K
}
Event: 520.707 GC heap after
{Heap after GC invocations=12 (full 0):
 garbage-first heap   total 79872K, used 20168K [0x000000070a400000, 0x0000000800000000)
  region size 2048K, 1 young (2048K), 1 survivors (2048K)
 Metaspace       used 22718K, committed 23040K, reserved 1114112K
  class space    used 3306K, committed 3456K, reserved 1048576K
}
Event: 531.232 GC heap before
{Heap before GC invocations=12 (full 0):
 garbage-first heap   total 79872K, used 65224K [0x000000070a400000, 0x0000000800000000)
  region size 2048K, 23 young (47104K), 1 survivors (2048K)
 Metaspace       used 22724K, committed 23040K, reserved 1114112K
  class space    used 3306K, committed 3456K, reserved 1048576K
}
Event: 531.232 GC heap after
{Heap after GC invocations=13 (full 0):
 garbage-first heap   total 79872K, used 20927K [0x000000070a400000, 0x0000000800000000)
  region size 2048K, 2 young (4096K), 2 survivors (4096K)
 Metaspace       used 22724K, committed 23040K, reserved 1114112K
  class space    used 3306K, committed 3456K, reserved 1048576K
}
Event: 555.022 GC heap before
{Heap before GC invocations=13 (full 0):
 garbage-first heap   total 79872K, used 61887K [0x000000070a400000, 0x0000000800000000)
  region size 2048K, 23 young (47104K), 2 survivors (4096K)
 Metaspace       used 22724K, committed 23040K, reserved 1114112K
  class space    used 3306K, committed 3456K, reserved 1048576K
}
Event: 555.023 GC heap after
{Heap after GC invocations=14 (full 0):
 garbage-first heap   total 79872K, used 20674K [0x000000070a400000, 0x0000000800000000)
  region size 2048K, 2 young (4096K), 2 survivors (4096K)
 Metaspace       used 22724K, committed 23040K, reserved 1114112K
  class space    used 3306K, committed 3456K, reserved 1048576K
}
Event: 3113.021 GC heap before
{Heap before GC invocations=14 (full 0):
 garbage-first heap   total 79872K, used 69826K [0x000000070a400000, 0x0000000800000000)
  region size 2048K, 23 young (47104K), 2 survivors (4096K)
 Metaspace       used 22787K, committed 23168K, reserved 1114112K
  class space    used 3308K, committed 3456K, reserved 1048576K
}
Event: 3113.023 GC heap after
{Heap after GC invocations=15 (full 0):
 garbage-first heap   total 79872K, used 20835K [0x000000070a400000, 0x0000000800000000)
  region size 2048K, 2 young (4096K), 2 survivors (4096K)
 Metaspace       used 22787K, committed 23168K, reserved 1114112K
  class space    used 3308K, committed 3456K, reserved 1048576K
}
Event: 3164.983 GC heap before
{Heap before GC invocations=15 (full 0):
 garbage-first heap   total 79872K, used 72035K [0x000000070a400000, 0x0000000800000000)
  region size 2048K, 23 young (47104K), 2 survivors (4096K)
 Metaspace       used 22953K, committed 23360K, reserved 1114112K
  class space    used 3320K, committed 3520K, reserved 1048576K
}
Event: 3164.988 GC heap after
{Heap after GC invocations=16 (full 0):
 garbage-first heap   total 81920K, used 29045K [0x000000070a400000, 0x0000000800000000)
  region size 2048K, 3 young (6144K), 3 survivors (6144K)
 Metaspace       used 22953K, committed 23360K, reserved 1114112K
  class space    used 3320K, committed 3520K, reserved 1048576K
}

