# JRE version: OpenJDK Runtime Environment (21.0.10+7) (build 21.0.10+7-Ubuntu-124.04)
# Java VM: OpenJDK 64-Bit Server VM (21.0.10+7-Ubuntu-124.04, mixed mode, sharing, tiered, compressed oops, compressed class ptrs, g1 gc, linux-amd64)
Heap:
 garbage-first heap   total 83968K, used 34857K [0x000000070a400000, 0x0000000800000000)
  region size 2048K, 11 young (22528K), 4 survivors (8192K)
 Metaspace       used 21715K, committed 22080K, reserved 1114112K
  class space    used 3143K, committed 3328K, reserved 1048576K
GC Heap History (8 events):
Event: 0.813 GC heap before
{Heap before GC invocations=0 (full 0):
 garbage-first heap   total 253952K, used 23601K [0x000000070a400000, 0x0000000800000000)
  region size 2048K, 11 young (22528K), 0 survivors (0K)
 Metaspace       used 4517K, committed 4736K, reserved 1114112K
  class space    used 528K, committed 640K, reserved 1048576K
}
Event: 0.817 GC heap after
{Heap after GC invocations=1 (full 0):
 garbage-first heap   total 253952K, used 3409K [0x000000070a400000, 0x0000000800000000)
  region size 2048K, 2 young (4096K), 2 survivors (4096K)
 Metaspace       used 4517K, committed 4736K, reserved 1114112K
  class space    used 528K, committed 640K, reserved 1048576K
}
Event: 2.185 GC heap before
{Heap before GC invocations=1 (full 0):
 garbage-first heap   total 253952K, used 66897K [0x000000070a400000, 0x0000000800000000)
  region size 2048K, 34 young (69632K), 2 survivors (4096K)
 Metaspace       used 17346K, committed 17664K, reserved 1114112K
  class space    used 2823K, committed 3008K, reserved 1048576K
}
Event: 2.194 GC heap after
{Heap after GC invocations=2 (full 0):
 garbage-first heap   total 253952K, used 10783K [0x000000070a400000, 0x0000000800000000)
  region size 2048K, 5 young (10240K), 5 survivors (10240K)
 Metaspace       used 17346K, committed 17664K, reserved 1114112K
  class space    used 2823K, committed 3008K, reserved 1048576K
}
Event: 48.390 GC heap before
{Heap before GC invocations=2 (full 0):
 garbage-first heap   total 253952K, used 55839K [0x000000070a400000, 0x0000000800000000)
  region size 2048K, 25 young (51200K), 5 survivors (10240K)
 Metaspace       used 21103K, committed 21568K, reserved 1114112K
  class space    used 3132K, committed 3328K, reserved 1048576K
}
Event: 48.399 GC heap after
{Heap after GC invocations=3 (full 0):
 garbage-first heap   total 253952K, used 20697K [0x000000070a400000, 0x0000000800000000)
  region size 2048K, 3 young (6144K), 3 survivors (6144K)
 Metaspace       used 21103K, committed 21568K, reserved 1114112K
  class space    used 3132K, committed 3328K, reserved 1048576K
}
Event: 54.447 GC heap before
{Heap before GC invocations=4 (full 0):
 garbage-first heap   total 75776K, used 73945K [0x000000070a400000, 0x0000000800000000)
  region size 2048K, 29 young (59392K), 3 survivors (6144K)
 Metaspace       used 21691K, committed 22080K, reserved 1114112K
  class space    used 3143K, committed 3328K, reserved 1048576K
}
Event: 54.464 GC heap after
{Heap after GC invocations=5 (full 0):
 garbage-first heap   total 83968K, used 22462K [0x000000070a400000, 0x0000000800000000)
  region size 2048K, 4 young (8192K), 4 survivors (8192K)
 Metaspace       used 21691K, committed 22080K, reserved 1114112K
  class space    used 3143K, committed 3328K, reserved 1048576K
}

