# JRE version: OpenJDK Runtime Environment (21.0.10+7) (build 21.0.10+7-Ubuntu-124.04)
# Java VM: OpenJDK 64-Bit Server VM (21.0.10+7-Ubuntu-124.04, mixed mode, sharing, tiered, compressed oops, compressed class ptrs, g1 gc, linux-amd64)
Heap:
 garbage-first heap   total 114688K, used 67926K [0x000000070a400000, 0x0000000800000000)
  region size 2048K, 22 young (45056K), 3 survivors (6144K)
 Metaspace       used 22569K, committed 22976K, reserved 1114112K
  class space    used 3223K, committed 3392K, reserved 1048576K
GC Heap History (8 events):
Event: 0.606 GC heap before
{Heap before GC invocations=0 (full 0):
 garbage-first heap   total 253952K, used 21553K [0x000000070a400000, 0x0000000800000000)
  region size 2048K, 11 young (22528K), 0 survivors (0K)
 Metaspace       used 4560K, committed 4800K, reserved 1114112K
  class space    used 535K, committed 640K, reserved 1048576K
}
Event: 0.611 GC heap after
{Heap after GC invocations=1 (full 0):
 garbage-first heap   total 253952K, used 3409K [0x000000070a400000, 0x0000000800000000)
  region size 2048K, 2 young (4096K), 2 survivors (4096K)
 Metaspace       used 4560K, committed 4800K, reserved 1114112K
  class space    used 535K, committed 640K, reserved 1048576K
}
Event: 1.951 GC heap before
{Heap before GC invocations=1 (full 0):
 garbage-first heap   total 253952K, used 66897K [0x000000070a400000, 0x0000000800000000)
  region size 2048K, 34 young (69632K), 2 survivors (4096K)
 Metaspace       used 17348K, committed 17664K, reserved 1114112K
  class space    used 2823K, committed 3008K, reserved 1048576K
}
Event: 1.959 GC heap after
{Heap after GC invocations=2 (full 0):
 garbage-first heap   total 253952K, used 11313K [0x000000070a400000, 0x0000000800000000)
  region size 2048K, 5 young (10240K), 5 survivors (10240K)
 Metaspace       used 17348K, committed 17664K, reserved 1114112K
  class space    used 2823K, committed 3008K, reserved 1048576K
}
Event: 50.644 GC heap before
{Heap before GC invocations=2 (full 0):
 garbage-first heap   total 253952K, used 74801K [0x000000070a400000, 0x0000000800000000)
  region size 2048K, 34 young (69632K), 5 survivors (10240K)
 Metaspace       used 21194K, committed 21504K, reserved 1114112K
  class space    used 3129K, committed 3264K, reserved 1048576K
}
Event: 50.661 GC heap after
{Heap after GC invocations=3 (full 0):
 garbage-first heap   total 253952K, used 25569K [0x000000070a400000, 0x0000000800000000)
  region size 2048K, 6 young (12288K), 6 survivors (12288K)
 Metaspace       used 21194K, committed 21504K, reserved 1114112K
  class space    used 3129K, committed 3264K, reserved 1048576K
}
Event: 197.289 GC heap before
{Heap before GC invocations=4 (full 0):
 garbage-first heap   total 96256K, used 93153K [0x000000070a400000, 0x0000000800000000)
  region size 2048K, 37 young (75776K), 6 survivors (12288K)
 Metaspace       used 22295K, committed 22656K, reserved 1114112K
  class space    used 3222K, committed 3392K, reserved 1048576K
}
Event: 197.301 GC heap after
{Heap after GC invocations=5 (full 0):
 garbage-first heap   total 114688K, used 29908K [0x000000070a400000, 0x0000000800000000)
  region size 2048K, 3 young (6144K), 3 survivors (6144K)
 Metaspace       used 22295K, committed 22656K, reserved 1114112K
  class space    used 3222K, committed 3392K, reserved 1048576K
}

