# JRE version: OpenJDK Runtime Environment (21.0.10+7) (build 21.0.10+7-Ubuntu-124.04)
# Java VM: OpenJDK 64-Bit Server VM (21.0.10+7-Ubuntu-124.04, mixed mode, sharing, tiered, compressed oops, compressed class ptrs, g1 gc, linux-amd64)
Heap:
 garbage-first heap   total 73728K, used 54427K [0x000000070a400000, 0x0000000800000000)
  region size 2048K, 16 young (32768K), 1 survivors (2048K)
 Metaspace       used 22045K, committed 22464K, reserved 1114112K
  class space    used 3159K, committed 3328K, reserved 1048576K
GC Heap History (12 events):
Event: 0.688 GC heap before
{Heap before GC invocations=0 (full 0):
 garbage-first heap   total 253952K, used 21553K [0x000000070a400000, 0x0000000800000000)
  region size 2048K, 11 young (22528K), 0 survivors (0K)
 Metaspace       used 4554K, committed 4800K, reserved 1114112K
  class space    used 534K, committed 640K, reserved 1048576K
}
Event: 0.693 GC heap after
{Heap after GC invocations=1 (full 0):
 garbage-first heap   total 253952K, used 3448K [0x000000070a400000, 0x0000000800000000)
  region size 2048K, 2 young (4096K), 2 survivors (4096K)
 Metaspace       used 4554K, committed 4800K, reserved 1114112K
  class space    used 534K, committed 640K, reserved 1048576K
}
Event: 1.689 GC heap before
{Heap before GC invocations=1 (full 0):
 garbage-first heap   total 253952K, used 66936K [0x000000070a400000, 0x0000000800000000)
  region size 2048K, 34 young (69632K), 2 survivors (4096K)
 Metaspace       used 17345K, committed 17728K, reserved 1114112K
  class space    used 2819K, committed 3008K, reserved 1048576K
}
Event: 1.697 GC heap after
{Heap after GC invocations=2 (full 0):
 garbage-first heap   total 253952K, used 11356K [0x000000070a400000, 0x0000000800000000)
  region size 2048K, 5 young (10240K), 5 survivors (10240K)
 Metaspace       used 17345K, committed 17728K, reserved 1114112K
  class space    used 2819K, committed 3008K, reserved 1048576K
}
Event: 16.831 GC heap before
{Heap before GC invocations=2 (full 0):
 garbage-first heap   total 253952K, used 56412K [0x000000070a400000, 0x0000000800000000)
  region size 2048K, 25 young (51200K), 5 survivors (10240K)
 Metaspace       used 21148K, committed 21568K, reserved 1114112K
  class space    used 3134K, committed 3328K, reserved 1048576K
}
Event: 16.845 GC heap after
{Heap after GC invocations=3 (full 0):
 garbage-first heap   total 253952K, used 19279K [0x000000070a400000, 0x0000000800000000)
  region size 2048K, 2 young (4096K), 2 survivors (4096K)
 Metaspace       used 21148K, committed 21568K, reserved 1114112K
  class space    used 3134K, committed 3328K, reserved 1048576K
}
Event: 25.694 GC heap before
{Heap before GC invocations=4 (full 0):
 garbage-first heap   total 69632K, used 68431K [0x000000070a400000, 0x0000000800000000)
  region size 2048K, 26 young (53248K), 2 survivors (4096K)
 Metaspace       used 21565K, committed 21952K, reserved 1114112K
  class space    used 3140K, committed 3328K, reserved 1048576K
}
Event: 25.697 GC heap after
{Heap after GC invocations=5 (full 0):
 garbage-first heap   total 73728K, used 19250K [0x000000070a400000, 0x0000000800000000)
  region size 2048K, 2 young (4096K), 2 survivors (4096K)
 Metaspace       used 21565K, committed 21952K, reserved 1114112K
  class space    used 3140K, committed 3328K, reserved 1048576K
}
Event: 35.598 GC heap before
{Heap before GC invocations=5 (full 0):
 garbage-first heap   total 73728K, used 56114K [0x000000070a400000, 0x0000000800000000)
  region size 2048K, 21 young (43008K), 2 survivors (4096K)
 Metaspace       used 21823K, committed 22208K, reserved 1114112K
  class space    used 3140K, committed 3328K, reserved 1048576K
}
Event: 35.601 GC heap after
{Heap after GC invocations=6 (full 0):
 garbage-first heap   total 73728K, used 19310K [0x000000070a400000, 0x0000000800000000)
  region size 2048K, 1 young (2048K), 1 survivors (2048K)
 Metaspace       used 21823K, committed 22208K, reserved 1114112K
  class space    used 3140K, committed 3328K, reserved 1048576K
}
Event: 67.672 GC heap before
{Heap before GC invocations=6 (full 0):
 garbage-first heap   total 73728K, used 64366K [0x000000070a400000, 0x0000000800000000)
  region size 2048K, 21 young (43008K), 1 survivors (2048K)
 Metaspace       used 22007K, committed 22400K, reserved 1114112K
  class space    used 3154K, committed 3328K, reserved 1048576K
}
Event: 67.676 GC heap after
{Heap after GC invocations=7 (full 0):
 garbage-first heap   total 73728K, used 24162K [0x000000070a400000, 0x0000000800000000)
  region size 2048K, 1 young (2048K), 1 survivors (2048K)
 Metaspace       used 22007K, committed 22400K, reserved 1114112K
  class space    used 3154K, committed 3328K, reserved 1048576K
}

