# JRE version: OpenJDK Runtime Environment (21.0.10+7) (build 21.0.10+7-Ubuntu-124.04)
# Java VM: OpenJDK 64-Bit Server VM (21.0.10+7-Ubuntu-124.04, mixed mode, sharing, tiered, compressed oops, compressed class ptrs, g1 gc, linux-amd64)
Heap:
 garbage-first heap   total 75776K, used 44748K [0x000000070a400000, 0x0000000800000000)
  region size 2048K, 13 young (26624K), 2 survivors (4096K)
 Metaspace       used 22856K, committed 23168K, reserved 1114112K
  class space    used 3296K, committed 3456K, reserved 1048576K
GC Heap History (14 events):
Event: 0.656 GC heap before
{Heap before GC invocations=0 (full 0):
 garbage-first heap   total 253952K, used 23601K [0x000000070a400000, 0x0000000800000000)
  region size 2048K, 11 young (22528K), 0 survivors (0K)
 Metaspace       used 4508K, committed 4736K, reserved 1114112K
  class space    used 528K, committed 640K, reserved 1048576K
}
Event: 0.661 GC heap after
{Heap after GC invocations=1 (full 0):
 garbage-first heap   total 253952K, used 3505K [0x000000070a400000, 0x0000000800000000)
  region size 2048K, 2 young (4096K), 2 survivors (4096K)
 Metaspace       used 4508K, committed 4736K, reserved 1114112K
  class space    used 528K, committed 640K, reserved 1048576K
}
Event: 1.767 GC heap before
{Heap before GC invocations=1 (full 0):
 garbage-first heap   total 253952K, used 66993K [0x000000070a400000, 0x0000000800000000)
  region size 2048K, 34 young (69632K), 2 survivors (4096K)
 Metaspace       used 17327K, committed 17664K, reserved 1114112K
  class space    used 2821K, committed 3008K, reserved 1048576K
}
Event: 1.775 GC heap after
{Heap after GC invocations=2 (full 0):
 garbage-first heap   total 253952K, used 10897K [0x000000070a400000, 0x0000000800000000)
  region size 2048K, 5 young (10240K), 5 survivors (10240K)
 Metaspace       used 17327K, committed 17664K, reserved 1114112K
  class space    used 2821K, committed 3008K, reserved 1048576K
}
Event: 21.284 GC heap before
{Heap before GC invocations=2 (full 0):
 garbage-first heap   total 253952K, used 43665K [0x000000070a400000, 0x0000000800000000)
  region size 2048K, 20 young (40960K), 5 survivors (10240K)
 Metaspace       used 21189K, committed 21504K, reserved 1114112K
  class space    used 3220K, committed 3392K, reserved 1048576K
}
Event: 21.298 GC heap after
{Heap after GC invocations=3 (full 0):
 garbage-first heap   total 253952K, used 19199K [0x000000070a400000, 0x0000000800000000)
  region size 2048K, 2 young (4096K), 2 survivors (4096K)
 Metaspace       used 21189K, committed 21504K, reserved 1114112K
  class space    used 3220K, committed 3392K, reserved 1048576K
}
Event: 52.645 GC heap before
{Heap before GC invocations=4 (full 0):
 garbage-first heap   total 69632K, used 68351K [0x000000070a400000, 0x0000000800000000)
  region size 2048K, 26 young (53248K), 2 survivors (4096K)
 Metaspace       used 22183K, committed 22592K, reserved 1114112K
  class space    used 3286K, committed 3456K, reserved 1048576K
}
Event: 52.652 GC heap after
{Heap after GC invocations=5 (full 0):
 garbage-first heap   total 75776K, used 19487K [0x000000070a400000, 0x0000000800000000)
  region size 2048K, 3 young (6144K), 3 survivors (6144K)
 Metaspace       used 22183K, committed 22592K, reserved 1114112K
  class space    used 3286K, committed 3456K, reserved 1048576K
}
Event: 98.615 GC heap before
{Heap before GC invocations=5 (full 0):
 garbage-first heap   total 75776K, used 58399K [0x000000070a400000, 0x0000000800000000)
  region size 2048K, 22 young (45056K), 3 survivors (6144K)
 Metaspace       used 22562K, committed 22976K, reserved 1114112K
  class space    used 3291K, committed 3456K, reserved 1048576K
}
Event: 98.621 GC heap after
{Heap after GC invocations=6 (full 0):
 garbage-first heap   total 75776K, used 19840K [0x000000070a400000, 0x0000000800000000)
  region size 2048K, 1 young (2048K), 1 survivors (2048K)
 Metaspace       used 22562K, committed 22976K, reserved 1114112K
  class space    used 3291K, committed 3456K, reserved 1048576K
}
Event: 133.559 GC heap before
{Heap before GC invocations=6 (full 0):
 garbage-first heap   total 75776K, used 62848K [0x000000070a400000, 0x0000000800000000)
  region size 2048K, 22 young (45056K), 1 survivors (2048K)
 Metaspace       used 22702K, committed 23040K, reserved 1114112K
  class space    used 3293K, committed 3456K, reserved 1048576K
}
Event: 133.561 GC heap after
{Heap after GC invocations=7 (full 0):
 garbage-first heap   total 75776K, used 19844K [0x000000070a400000, 0x0000000800000000)
  region size 2048K, 1 young (2048K), 1 survivors (2048K)
 Metaspace       used 22702K, committed 23040K, reserved 1114112K
  class space    used 3293K, committed 3456K, reserved 1048576K
}
Event: 166.530 GC heap before
{Heap before GC invocations=7 (full 0):
 garbage-first heap   total 75776K, used 60804K [0x000000070a400000, 0x0000000800000000)
  region size 2048K, 22 young (45056K), 1 survivors (2048K)
 Metaspace       used 22854K, committed 23168K, reserved 1114112K
  class space    used 3296K, committed 3456K, reserved 1048576K
}
Event: 166.533 GC heap after
{Heap after GC invocations=8 (full 0):
 garbage-first heap   total 75776K, used 22220K [0x000000070a400000, 0x0000000800000000)
  region size 2048K, 2 young (4096K), 2 survivors (4096K)
 Metaspace       used 22854K, committed 23168K, reserved 1114112K
  class space    used 3296K, committed 3456K, reserved 1048576K
}

