# JRE version: OpenJDK Runtime Environment (21.0.10+7) (build 21.0.10+7-Ubuntu-124.04)
# Java VM: OpenJDK 64-Bit Server VM (21.0.10+7-Ubuntu-124.04, mixed mode, sharing, tiered, compressed oops, compressed class ptrs, g1 gc, linux-amd64)
Heap:
 garbage-first heap   total 81920K, used 45391K [0x000000070a400000, 0x0000000800000000)
  region size 2048K, 16 young (32768K), 3 survivors (6144K)
 Metaspace       used 21790K, committed 22208K, reserved 1114112K
  class space    used 3141K, committed 3328K, reserved 1048576K
GC Heap History (8 events):
Event: 0.686 GC heap before
{Heap before GC invocations=0 (full 0):
 garbage-first heap   total 253952K, used 23601K [0x000000070a400000, 0x0000000800000000)
  region size 2048K, 11 young (22528K), 0 survivors (0K)
 Metaspace       used 4520K, committed 4736K, reserved 1114112K
  class space    used 528K, committed 640K, reserved 1048576K
}
Event: 0.692 GC heap after
{Heap after GC invocations=1 (full 0):
 garbage-first heap   total 253952K, used 3505K [0x000000070a400000, 0x0000000800000000)
  region size 2048K, 2 young (4096K), 2 survivors (4096K)
 Metaspace       used 4520K, committed 4736K, reserved 1114112K
  class space    used 528K, committed 640K, reserved 1048576K
}
Event: 2.038 GC heap before
{Heap before GC invocations=1 (full 0):
 garbage-first heap   total 253952K, used 66993K [0x000000070a400000, 0x0000000800000000)
  region size 2048K, 34 young (69632K), 2 survivors (4096K)
 Metaspace       used 17345K, committed 17728K, reserved 1114112K
  class space    used 2819K, committed 3008K, reserved 1048576K
}
Event: 2.045 GC heap after
{Heap after GC invocations=2 (full 0):
 garbage-first heap   total 253952K, used 10820K [0x000000070a400000, 0x0000000800000000)
  region size 2048K, 5 young (10240K), 5 survivors (10240K)
 Metaspace       used 17345K, committed 17728K, reserved 1114112K
  class space    used 2819K, committed 3008K, reserved 1048576K
}
Event: 29.078 GC heap before
{Heap before GC invocations=2 (full 0):
 garbage-first heap   total 253952K, used 51780K [0x000000070a400000, 0x0000000800000000)
  region size 2048K, 23 young (47104K), 5 survivors (10240K)
 Metaspace       used 21119K, committed 21504K, reserved 1114112K
  class space    used 3130K, committed 3328K, reserved 1048576K
}
Event: 29.085 GC heap after
{Heap after GC invocations=3 (full 0):
 garbage-first heap   total 253952K, used 19912K [0x000000070a400000, 0x0000000800000000)
  region size 2048K, 3 young (6144K), 3 survivors (6144K)
 Metaspace       used 21119K, committed 21504K, reserved 1114112K
  class space    used 3130K, committed 3328K, reserved 1048576K
}
Event: 39.969 GC heap before
{Heap before GC invocations=4 (full 0):
 garbage-first heap   total 75776K, used 73160K [0x000000070a400000, 0x0000000800000000)
  region size 2048K, 29 young (59392K), 3 survivors (6144K)
 Metaspace       used 21675K, committed 22080K, reserved 1114112K
  class space    used 3141K, committed 3328K, reserved 1048576K
}
Event: 39.972 GC heap after
{Heap after GC invocations=5 (full 0):
 garbage-first heap   total 81920K, used 20737K [0x000000070a400000, 0x0000000800000000)
  region size 2048K, 3 young (6144K), 3 survivors (6144K)
 Metaspace       used 21675K, committed 22080K, reserved 1114112K
  class space    used 3141K, committed 3328K, reserved 1048576K
}

